{"C:\\Users\\bjone\\DigitalWardobe\\app\\purchaseAdvice.tsx": {"path":"C:\\Users\\bjone\\DigitalWardobe\\app\\purchaseAdvice.tsx","statementMap":{"0":{"start":{"line":21,"column":19},"end":{"line":26,"column":10}},"1":{"start":{"line":28,"column":15},"end":{"line":37,"column":1}},"2":{"start":{"line":40,"column":17},"end":{"line":40,"column":28}},"3":{"start":{"line":42,"column":34},"end":{"line":42,"column":46}},"4":{"start":{"line":43,"column":28},"end":{"line":43,"column":40}},"5":{"start":{"line":44,"column":34},"end":{"line":46,"column":11}},"6":{"start":{"line":47,"column":30},"end":{"line":47,"column":42}},"7":{"start":{"line":48,"column":38},"end":{"line":48,"column":49}},"8":{"start":{"line":50,"column":28},"end":{"line":103,"column":3}},"9":{"start":{"line":51,"column":4},"end":{"line":102,"column":5}},"10":{"start":{"line":52,"column":20},"end":{"line":52,"column":63}},"11":{"start":{"line":53,"column":6},"end":{"line":53,"column":48}},"12":{"start":{"line":54,"column":39},"end":{"line":54,"column":69}},"13":{"start":{"line":56,"column":6},"end":{"line":62,"column":7}},"14":{"start":{"line":57,"column":8},"end":{"line":60,"column":10}},"15":{"start":{"line":61,"column":8},"end":{"line":61,"column":15}},"16":{"start":{"line":64,"column":6},"end":{"line":68,"column":7}},"17":{"start":{"line":65,"column":8},"end":{"line":65,"column":25}},"18":{"start":{"line":66,"column":8},"end":{"line":66,"column":76}},"19":{"start":{"line":67,"column":8},"end":{"line":67,"column":15}},"20":{"start":{"line":70,"column":20},"end":{"line":70,"column":21}},"21":{"start":{"line":72,"column":6},"end":{"line":86,"column":9}},"22":{"start":{"line":73,"column":20},"end":{"line":73,"column":21}},"23":{"start":{"line":75,"column":8},"end":{"line":77,"column":9}},"24":{"start":{"line":76,"column":10},"end":{"line":76,"column":21}},"25":{"start":{"line":79,"column":8},"end":{"line":81,"column":9}},"26":{"start":{"line":80,"column":10},"end":{"line":80,"column":21}},"27":{"start":{"line":83,"column":8},"end":{"line":85,"column":9}},"28":{"start":{"line":84,"column":10},"end":{"line":84,"column":23}},"29":{"start":{"line":88,"column":6},"end":{"line":88,"column":29}},"30":{"start":{"line":90,"column":6},"end":{"line":98,"column":7}},"31":{"start":{"line":91,"column":8},"end":{"line":91,"column":76}},"32":{"start":{"line":92,"column":13},"end":{"line":98,"column":7}},"33":{"start":{"line":93,"column":8},"end":{"line":93,"column":80}},"34":{"start":{"line":95,"column":8},"end":{"line":97,"column":10}},"35":{"start":{"line":100,"column":6},"end":{"line":100,"column":51}},"36":{"start":{"line":101,"column":6},"end":{"line":101,"column":67}},"37":{"start":{"line":105,"column":2},"end":{"line":174,"column":4}},"38":{"start":{"line":124,"column":10},"end":{"line":132,"column":12}},"39":{"start":{"line":131,"column":27},"end":{"line":131,"column":38}},"40":{"start":{"line":140,"column":10},"end":{"line":149,"column":29}},"41":{"start":{"line":146,"column":27},"end":{"line":146,"column":47}},"42":{"start":{"line":169,"column":23},"end":{"line":169,"column":44}},"43":{"start":{"line":177,"column":15},"end":{"line":297,"column":2}}},"fnMap":{"0":{"name":"PurchaseAdviceScreen","decl":{"start":{"line":39,"column":24},"end":{"line":39,"column":44}},"loc":{"start":{"line":39,"column":47},"end":{"line":175,"column":1}},"line":39},"1":{"name":"(anonymous_1)","decl":{"start":{"line":50,"column":28},"end":{"line":50,"column":29}},"loc":{"start":{"line":50,"column":40},"end":{"line":103,"column":3}},"line":50},"2":{"name":"(anonymous_2)","decl":{"start":{"line":72,"column":23},"end":{"line":72,"column":24}},"loc":{"start":{"line":72,"column":33},"end":{"line":86,"column":7}},"line":72},"3":{"name":"(anonymous_3)","decl":{"start":{"line":123,"column":20},"end":{"line":123,"column":21}},"loc":{"start":{"line":124,"column":10},"end":{"line":132,"column":12}},"line":124},"4":{"name":"(anonymous_4)","decl":{"start":{"line":131,"column":21},"end":{"line":131,"column":22}},"loc":{"start":{"line":131,"column":27},"end":{"line":131,"column":38}},"line":131},"5":{"name":"(anonymous_5)","decl":{"start":{"line":139,"column":24},"end":{"line":139,"column":25}},"loc":{"start":{"line":140,"column":10},"end":{"line":149,"column":29}},"line":140},"6":{"name":"(anonymous_6)","decl":{"start":{"line":146,"column":21},"end":{"line":146,"column":22}},"loc":{"start":{"line":146,"column":27},"end":{"line":146,"column":47}},"line":146},"7":{"name":"(anonymous_7)","decl":{"start":{"line":169,"column":17},"end":{"line":169,"column":18}},"loc":{"start":{"line":169,"column":23},"end":{"line":169,"column":44}},"line":169}},"branchMap":{"0":{"loc":{"start":{"line":54,"column":39},"end":{"line":54,"column":69}},"type":"cond-expr","locations":[{"start":{"line":54,"column":47},"end":{"line":54,"column":64}},{"start":{"line":54,"column":67},"end":{"line":54,"column":69}}],"line":54},"1":{"loc":{"start":{"line":56,"column":6},"end":{"line":62,"column":7}},"type":"if","locations":[{"start":{"line":56,"column":6},"end":{"line":62,"column":7}},{"start":{},"end":{}}],"line":56},"2":{"loc":{"start":{"line":56,"column":10},"end":{"line":56,"column":42}},"type":"binary-expr","locations":[{"start":{"line":56,"column":10},"end":{"line":56,"column":19}},{"start":{"line":56,"column":23},"end":{"line":56,"column":29}},{"start":{"line":56,"column":33},"end":{"line":56,"column":42}}],"line":56},"3":{"loc":{"start":{"line":64,"column":6},"end":{"line":68,"column":7}},"type":"if","locations":[{"start":{"line":64,"column":6},"end":{"line":68,"column":7}},{"start":{},"end":{}}],"line":64},"4":{"loc":{"start":{"line":64,"column":10},"end":{"line":64,"column":44}},"type":"binary-expr","locations":[{"start":{"line":64,"column":10},"end":{"line":64,"column":19}},{"start":{"line":64,"column":23},"end":{"line":64,"column":44}}],"line":64},"5":{"loc":{"start":{"line":75,"column":8},"end":{"line":77,"column":9}},"type":"if","locations":[{"start":{"line":75,"column":8},"end":{"line":77,"column":9}},{"start":{},"end":{}}],"line":75},"6":{"loc":{"start":{"line":75,"column":12},"end":{"line":75,"column":74}},"type":"binary-expr","locations":[{"start":{"line":75,"column":12},"end":{"line":75,"column":22}},{"start":{"line":75,"column":26},"end":{"line":75,"column":74}}],"line":75},"7":{"loc":{"start":{"line":79,"column":8},"end":{"line":81,"column":9}},"type":"if","locations":[{"start":{"line":79,"column":8},"end":{"line":81,"column":9}},{"start":{},"end":{}}],"line":79},"8":{"loc":{"start":{"line":83,"column":8},"end":{"line":85,"column":9}},"type":"if","locations":[{"start":{"line":83,"column":8},"end":{"line":85,"column":9}},{"start":{},"end":{}}],"line":83},"9":{"loc":{"start":{"line":90,"column":6},"end":{"line":98,"column":7}},"type":"if","locations":[{"start":{"line":90,"column":6},"end":{"line":98,"column":7}},{"start":{"line":92,"column":13},"end":{"line":98,"column":7}}],"line":90},"10":{"loc":{"start":{"line":92,"column":13},"end":{"line":98,"column":7}},"type":"if","locations":[{"start":{"line":92,"column":13},"end":{"line":98,"column":7}},{"start":{"line":94,"column":13},"end":{"line":98,"column":7}}],"line":92},"11":{"loc":{"start":{"line":129,"column":14},"end":{"line":129,"column":49}},"type":"binary-expr","locations":[{"start":{"line":129,"column":14},"end":{"line":129,"column":25}},{"start":{"line":129,"column":29},"end":{"line":129,"column":49}}],"line":129},"12":{"loc":{"start":{"line":144,"column":14},"end":{"line":144,"column":59}},"type":"binary-expr","locations":[{"start":{"line":144,"column":14},"end":{"line":144,"column":34}},{"start":{"line":144,"column":38},"end":{"line":144,"column":59}}],"line":144},"13":{"loc":{"start":{"line":157,"column":7},"end":{"line":165,"column":14}},"type":"cond-expr","locations":[{"start":{"line":158,"column":8},"end":{"line":164,"column":15}},{"start":{"line":165,"column":10},"end":{"line":165,"column":14}}],"line":157}},"s":{"0":1,"1":1,"2":4,"3":4,"4":4,"5":4,"6":4,"7":4,"8":4,"9":0,"10":0,"11":0,"12":0,"13":0,"14":0,"15":0,"16":0,"17":0,"18":0,"19":0,"20":0,"21":0,"22":0,"23":0,"24":0,"25":0,"26":0,"27":0,"28":0,"29":0,"30":0,"31":0,"32":0,"33":0,"34":0,"35":0,"36":0,"37":4,"38":32,"39":0,"40":16,"41":0,"42":0,"43":1},"f":{"0":4,"1":0,"2":0,"3":32,"4":0,"5":16,"6":0,"7":0},"b":{"0":[0,0],"1":[0,0],"2":[0,0,0],"3":[0,0],"4":[0,0],"5":[0,0],"6":[0,0],"7":[0,0],"8":[0,0],"9":[0,0],"10":[0,0],"11":[32,0],"12":[16,4],"13":[0,4]},"_coverageSchema":"1a1c01bbd47fc00a2c39e90264f33305004495a9","hash":"ce5a50c93471c13e6764dd2b7161c2501664cab7"}
}
