TN:
SF:app\purchaseAdvice.tsx
FN:39,PurchaseAdviceScreen
FN:50,(anonymous_1)
FN:72,(anonymous_2)
FN:123,(anonymous_3)
FN:131,(anonymous_4)
FN:139,(anonymous_5)
FN:146,(anonymous_6)
FN:169,(anonymous_7)
FNF:8
FNH:3
FNDA:4,PurchaseAdviceScreen
FNDA:0,(anonymous_1)
FNDA:0,(anonymous_2)
FNDA:32,(anonymous_3)
FNDA:0,(anonymous_4)
FNDA:16,(anonymous_5)
FNDA:0,(anonymous_6)
FNDA:0,(anonymous_7)
DA:21,1
DA:28,1
DA:40,4
DA:42,4
DA:43,4
DA:44,4
DA:47,4
DA:48,4
DA:50,4
DA:51,0
DA:52,0
DA:53,0
DA:54,0
DA:56,0
DA:57,0
DA:61,0
DA:64,0
DA:65,0
DA:66,0
DA:67,0
DA:70,0
DA:72,0
DA:73,0
DA:75,0
DA:76,0
DA:79,0
DA:80,0
DA:83,0
DA:84,0
DA:88,0
DA:90,0
DA:91,0
DA:92,0
DA:93,0
DA:95,0
DA:100,0
DA:101,0
DA:105,4
DA:124,32
DA:131,0
DA:140,16
DA:146,0
DA:169,0
DA:177,1
LF:44
LH:13
BRDA:54,0,0,0
BRDA:54,0,1,0
BRDA:56,1,0,0
BRDA:56,1,1,0
BRDA:56,2,0,0
BRDA:56,2,1,0
BRDA:56,2,2,0
BRDA:64,3,0,0
BRDA:64,3,1,0
BRDA:64,4,0,0
BRDA:64,4,1,0
BRDA:75,5,0,0
BRDA:75,5,1,0
BRDA:75,6,0,0
BRDA:75,6,1,0
BRDA:79,7,0,0
BRDA:79,7,1,0
BRDA:83,8,0,0
BRDA:83,8,1,0
BRDA:90,9,0,0
BRDA:90,9,1,0
BRDA:92,10,0,0
BRDA:92,10,1,0
BRDA:129,11,0,32
BRDA:129,11,1,0
BRDA:144,12,0,16
BRDA:144,12,1,4
BRDA:157,13,0,0
BRDA:157,13,1,4
BRF:29
BRH:4
end_of_record
